{
  "RSpec": {
    "coverage": {
      "/Users/lydiashafer/Desktop/module3/module4/stytta/spec/controllers/api/v1/url_controller_spec.rb": [
        1,
        null,
        1,
        null,
        1,
        null,
        1,
        1,
        null,
        1,
        null,
        1,
        null,
        1,
        null,
        1,
        1,
        null,
        null,
        null,
        1,
        null,
        1,
        1,
        null,
        1,
        null,
        1,
        null,
        1,
        1,
        null,
        null,
        null,
        1,
        null,
        1,
        1,
        null,
        1,
        null,
        1,
        null,
        null,
        1,
        null,
        null,
        null,
        1,
        null,
        1,
        1,
        null,
        1,
        null,
        1,
        null,
        1,
        null,
        null,
        null
      ],
      "/Users/lydiashafer/Desktop/module3/module4/stytta/spec/rails_helper.rb": [
        1,
        1,
        1,
        1,
        1,
        null,
        null,
        null,
        1,
        null,
        1,
        null,
        1,
        1,
        1,
        1,
        null,
        1,
        null,
        null,
        null,
        null,
        1,
        null,
        1,
        null,
        1,
        null,
        null,
        1,
        null,
        1,
        null
      ],
      "/Users/lydiashafer/Desktop/module3/module4/stytta/config/environment.rb": [
        null,
        1,
        null,
        null,
        1
      ],
      "/Users/lydiashafer/Desktop/module3/module4/stytta/config/application.rb": [
        1,
        null,
        1,
        null,
        1,
        null,
        1,
        1,
        null,
        1,
        null,
        null
      ],
      "/Users/lydiashafer/Desktop/module3/module4/stytta/config/boot.rb": [
        1,
        null,
        1
      ],
      "/Users/lydiashafer/Desktop/module3/module4/stytta/config/environments/test.rb": [
        1,
        null,
        null,
        null,
        null,
        null,
        null,
        1,
        null,
        null,
        null,
        null,
        1,
        null,
        null,
        1,
        1,
        null,
        null,
        1,
        1,
        null,
        null,
        1,
        null,
        null,
        1,
        null,
        null,
        null,
        null,
        1,
        null,
        null,
        1,
        null,
        null,
        1,
        null,
        null,
        null,
        null
      ],
      "/Users/lydiashafer/Desktop/module3/module4/stytta/config/initializers/assets.rb": [
        null,
        null,
        null,
        1,
        null,
        null,
        null,
        null,
        null,
        null,
        null,
        null
      ],
      "/Users/lydiashafer/Desktop/module3/module4/stytta/config/initializers/backtrace_silencers.rb": [
        null,
        null,
        null,
        null,
        null,
        null,
        null
      ],
      "/Users/lydiashafer/Desktop/module3/module4/stytta/config/initializers/cookies_serializer.rb": [
        null,
        null,
        1
      ],
      "/Users/lydiashafer/Desktop/module3/module4/stytta/config/initializers/filter_parameter_logging.rb": [
        null,
        null,
        null,
        1
      ],
      "/Users/lydiashafer/Desktop/module3/module4/stytta/config/initializers/inflections.rb": [
        null,
        null,
        null,
        null,
        null,
        null,
        null,
        null,
        null,
        null,
        null,
        null,
        null,
        null,
        null,
        null
      ],
      "/Users/lydiashafer/Desktop/module3/module4/stytta/config/initializers/mime_types.rb": [
        null,
        null,
        null,
        null
      ],
      "/Users/lydiashafer/Desktop/module3/module4/stytta/config/initializers/session_store.rb": [
        null,
        null,
        1
      ],
      "/Users/lydiashafer/Desktop/module3/module4/stytta/config/initializers/wrap_parameters.rb": [
        null,
        null,
        null,
        null,
        null,
        null,
        1,
        1,
        null,
        null,
        null,
        null,
        null,
        null
      ],
      "/Users/lydiashafer/Desktop/module3/module4/stytta/spec/factories/urls.rb": [
        1,
        1,
        1,
        1,
        1,
        1,
        null,
        null
      ],
      "/Users/lydiashafer/Desktop/module3/module4/stytta/config/routes.rb": [
        1,
        null,
        1,
        null,
        1,
        null,
        1,
        1,
        1,
        null,
        null,
        null
      ],
      "/Users/lydiashafer/Desktop/module3/module4/stytta/app/helpers/api/v1/url_helper.rb": [
        1,
        null
      ],
      "/Users/lydiashafer/Desktop/module3/module4/stytta/app/helpers/application_helper.rb": [
        1,
        null
      ],
      "/Users/lydiashafer/Desktop/module3/module4/stytta/app/helpers/welcome_helper.rb": [
        1,
        null
      ],
      "/Users/lydiashafer/Desktop/module3/module4/stytta/app/controllers/api/v1/url_controller.rb": [
        1,
        1,
        null,
        1,
        1,
        null,
        1,
        null,
        null,
        1,
        1,
        null,
        1,
        null,
        null,
        1,
        1,
        1,
        1,
        1,
        2,
        null,
        null,
        0,
        0,
        0,
        null,
        null,
        null,
        null,
        1,
        null,
        null,
        null,
        1,
        1,
        null,
        1,
        1,
        1,
        2,
        null,
        null,
        0,
        0,
        0,
        null,
        null,
        null,
        null,
        1,
        null,
        1,
        2,
        null,
        null
      ],
      "/Users/lydiashafer/Desktop/module3/module4/stytta/app/controllers/application_controller.rb": [
        1,
        null,
        1,
        null
      ],
      "/Users/lydiashafer/Desktop/module3/module4/stytta/spec/controllers/urls_controller_spec.rb": [
        1,
        null,
        1,
        null,
        1,
        null,
        1,
        null,
        1,
        null,
        1,
        null,
        null,
        null
      ],
      "/Users/lydiashafer/Desktop/module3/module4/stytta/app/controllers/urls_controller.rb": [
        1,
        null,
        1,
        2,
        0,
        2,
        1,
        null,
        1,
        null,
        null,
        null,
        1,
        0,
        0,
        0,
        0,
        null,
        null,
        1,
        2,
        2,
        1,
        null,
        1,
        null,
        null,
        null,
        1,
        null,
        1,
        2,
        null,
        null
      ],
      "/Users/lydiashafer/Desktop/module3/module4/stytta/spec/controllers/welcome_controller_spec.rb": [
        1,
        null,
        1,
        null,
        1,
        null,
        1,
        null,
        1,
        null,
        1,
        null,
        null,
        null
      ],
      "/Users/lydiashafer/Desktop/module3/module4/stytta/app/controllers/welcome_controller.rb": [
        1,
        1,
        9,
        9,
        null,
        null
      ],
      "/Users/lydiashafer/Desktop/module3/module4/stytta/spec/integration/url_integration_spec.rb": [
        1,
        null,
        1,
        1,
        1,
        5,
        null,
        null,
        1,
        1,
        1,
        1,
        null,
        null,
        1,
        1,
        1,
        1,
        null,
        null,
        1,
        1,
        null,
        1,
        1,
        1,
        null,
        null,
        1,
        1,
        1,
        null,
        1,
        1,
        1,
        1,
        1,
        null,
        null,
        null,
        1,
        1,
        1,
        null,
        1,
        null,
        1,
        1,
        1,
        null,
        null
      ],
      "/Users/lydiashafer/Desktop/module3/module4/stytta/spec/models/url_spec.rb": [
        1,
        null,
        1,
        null,
        1,
        1,
        null,
        1,
        null,
        null,
        1,
        1,
        1,
        1,
        1,
        null,
        null,
        1,
        1,
        1,
        1,
        null,
        null,
        null,
        1,
        1,
        1,
        null,
        null
      ],
      "/Users/lydiashafer/Desktop/module3/module4/stytta/app/models/url.rb": [
        1,
        1,
        null,
        1,
        null,
        1,
        1,
        null,
        1,
        16,
        null,
        null,
        null,
        1,
        6,
        null,
        null,
        1,
        0,
        null,
        null,
        1,
        10,
        null,
        null,
        1,
        16,
        16,
        16,
        null,
        null
      ]
    },
    "timestamp": 1430099718
  }
}
